<?xml version="1.0" encoding="UTF-8"?>
<testng-results ignored="0" total="1" passed="1" failed="0" skipped="0">
  <reporter-output>
  </reporter-output>
  <suite started-at="2022-09-27T07:14:19 GMT-05:00" name="Default suite" finished-at="2022-09-27T07:15:03 GMT-05:00" duration-ms="43692">
    <groups>
    </groups>
    <test started-at="2022-09-27T07:14:19 GMT-05:00" name="Default test" finished-at="2022-09-27T07:15:03 GMT-05:00" duration-ms="43692">
      <class name="Test_Script.TC_01">
        <test-method is-config="true" signature="Baseclass()[pri:0, instance:Test_Script.TC_01@7193666c]" started-at="2022-09-27T07:14:20 GMT-05:00" name="Baseclass" finished-at="2022-09-27T07:14:32 GMT-05:00" duration-ms="12578" status="PASS">
          <reporter-output>
          </reporter-output>
        </test-method> <!-- Baseclass -->
        <test-method signature="Test_Script()[pri:0, instance:Test_Script.TC_01@7193666c]" started-at="2022-09-27T07:14:32 GMT-05:00" name="Test_Script" finished-at="2022-09-27T07:15:00 GMT-05:00" duration-ms="27618" status="PASS">
          <reporter-output>
          </reporter-output>
        </test-method> <!-- Test_Script -->
        <test-method is-config="true" signature="TearDown()[pri:0, instance:Test_Script.TC_01@7193666c]" started-at="2022-09-27T07:15:00 GMT-05:00" name="TearDown" finished-at="2022-09-27T07:15:03 GMT-05:00" duration-ms="3443" status="PASS">
          <reporter-output>
          </reporter-output>
        </test-method> <!-- TearDown -->
      </class> <!-- Test_Script.TC_01 -->
    </test> <!-- Default test -->
  </suite> <!-- Default suite -->
</testng-results>
